epoch 0 rmse 2.9836
epoch 1 rmse 2.8926
epoch 2 rmse 2.9054
epoch 3 rmse 2.9275
epoch 4 rmse 2.8933
epoch 5 rmse 2.7944
epoch 6 rmse 2.4568
epoch 7 rmse 2.2749
epoch 8 rmse 2.0176
epoch 9 rmse 1.8996
epoch 10 rmse 1.7617
epoch 11 rmse 1.6548
epoch 12 rmse 1.6113
epoch 13 rmse 1.5379
epoch 14 rmse 1.4825
epoch 15 rmse 1.4425
epoch 16 rmse 1.4362
epoch 17 rmse 1.3903
epoch 18 rmse 1.3876
epoch 19 rmse 1.4101
epoch 20 rmse 1.3237
epoch 21 rmse 1.3479
epoch 22 rmse 1.3104
epoch 23 rmse 1.2784
epoch 24 rmse 1.2312
epoch 25 rmse 1.2675
epoch 26 rmse 1.2704
epoch 27 rmse 1.2378
epoch 28 rmse 1.2429
epoch 29 rmse 1.2160
epoch 30 rmse 1.2444
epoch 31 rmse 1.2381
epoch 32 rmse 1.2307
epoch 33 rmse 1.2252
epoch 34 rmse 1.1864
epoch 35 rmse 1.2062
epoch 36 rmse 1.1955
epoch 37 rmse 1.1868
epoch 38 rmse 1.2257
epoch 39 rmse 1.2073
epoch 40 rmse 1.1908
epoch 41 rmse 1.2107
epoch 42 rmse 1.1909
epoch 43 rmse 1.1916
epoch 44 rmse 1.2041
epoch 45 rmse 1.1282
epoch 46 rmse 1.1906
epoch 47 rmse 1.1597
epoch 48 rmse 1.2117
epoch 49 rmse 1.1488
epoch 50 rmse 1.1481
epoch 51 rmse 1.1748
epoch 52 rmse 1.1612
epoch 53 rmse 1.1554
epoch 54 rmse 1.1702
epoch 55 rmse 1.1736
epoch 56 rmse 1.1735
epoch 57 rmse 1.1892
epoch 58 rmse 1.1343
epoch 59 rmse 1.1375
epoch 60 rmse 1.1280
epoch 61 rmse 1.1588
epoch 62 rmse 1.1560
epoch 63 rmse 1.1418
epoch 64 rmse 1.1680
epoch 65 rmse 1.1756
epoch 66 rmse 1.1356
epoch 67 rmse 1.1647
epoch 68 rmse 1.1495
epoch 69 rmse 1.1342
epoch 70 rmse 1.1031
epoch 71 rmse 1.1490
epoch 72 rmse 1.0918
epoch 73 rmse 1.1286
epoch 74 rmse 1.1300
epoch 75 rmse 1.1367
epoch 76 rmse 1.1348
epoch 77 rmse 1.1067
epoch 78 rmse 1.1507
epoch 79 rmse 1.1360
epoch 80 rmse 1.1301
epoch 81 rmse 1.1544
epoch 82 rmse 1.1410
epoch 83 rmse 1.1266
epoch 84 rmse 1.1365
epoch 85 rmse 1.1126
epoch 86 rmse 1.1413
epoch 87 rmse 1.1247
epoch 88 rmse 1.1688
epoch 89 rmse 1.1582
epoch 90 rmse 1.1522
epoch 91 rmse 1.1635
epoch 92 rmse 1.1154
epoch 93 rmse 1.1178
epoch 94 rmse 1.1197
epoch 95 rmse 1.1176
epoch 96 rmse 1.0999
epoch 97 rmse 1.1240
epoch 98 rmse 1.1317
epoch 99 rmse 1.1274
